<?xml version="1.0" encoding="UTF-8"?>
<!-- Generated by org.testng.reporters.JUnitReportReporter -->
<testsuite hostname="DESKTOP-LKTEIC3" failures="0" tests="1" name="com.qa.api.gorest.Tests.GetUsersTest" time="3.635" errors="0" timestamp="2020-12-15T12:33:03 IST" skipped="0">
  <testcase classname="com.qa.api.gorest.Tests.GetUsersTest" name="getAllUsersWithQueryParamsTest" time="3.635"/>
  <system-out/>
</testsuite> <!-- com.qa.api.gorest.Tests.GetUsersTest -->
