<?xml version="1.0" encoding="UTF-8"?>
<!-- Generated by org.testng.reporters.JUnitReportReporter -->
<testsuite hostname="DESKTOP-LKTEIC3" failures="0" tests="3" name="com.qa.api.gorest.Tests.CreateUsersTest" time="5.367" errors="0" timestamp="2020-12-15T16:30:31 IST" skipped="0">
  <testcase classname="com.qa.api.gorest.Tests.CreateUsersTest" name="createUSersPostAPiTest" time="3.944"/>
  <system-out/>
  <testcase classname="com.qa.api.gorest.Tests.CreateUsersTest" name="createUSersPostAPiTest" time="0.763"/>
  <system-out/>
  <testcase classname="com.qa.api.gorest.Tests.CreateUsersTest" name="createUSersPostAPiTest" time="0.660"/>
  <system-out/>
</testsuite> <!-- com.qa.api.gorest.Tests.CreateUsersTest -->
