<?xml version="1.0" encoding="UTF-8"?>
<!-- Generated by org.testng.reporters.JUnitReportReporter -->
<testsuite hostname="DESKTOP-LKTEIC3" failures="0" tests="1" name="com.qa.api.gorest.Tests.GetImgurAPITest" time="19.713" errors="0" timestamp="2020-12-16T23:10:05 IST" skipped="0">
  <testcase classname="com.qa.api.gorest.Tests.GetImgurAPITest" name="getAccountImageStatus" time="19.713"/>
  <system-out/>
</testsuite> <!-- com.qa.api.gorest.Tests.GetImgurAPITest -->
