<?xml version="1.0" encoding="UTF-8"?>
<!-- Generated by org.testng.reporters.JUnitReportReporter -->
<testsuite hostname="DESKTOP-LKTEIC3" failures="0" tests="1" name="com.qa.api.gorest.Tests.UpdateUsersTest" time="6.083" errors="0" timestamp="2020-12-17T12:26:12 IST" skipped="0">
  <testcase classname="com.qa.api.gorest.Tests.UpdateUsersTest" name="updateUserTest" time="6.083"/>
  <system-out/>
</testsuite> <!-- com.qa.api.gorest.Tests.UpdateUsersTest -->
