<?xml version="1.0" encoding="UTF-8"?>
<!-- Generated by org.testng.reporters.JUnitReportReporter -->
<testsuite hostname="DESKTOP-LKTEIC3" failures="0" tests="1" name="com.qa.api.gorest.Tests.FinalBookingPojo" time="9.195" errors="0" timestamp="2020-12-17T15:07:22 IST" skipped="0">
  <testcase classname="com.qa.api.gorest.Tests.FinalBookingPojo" name="createBooking" time="9.195"/>
  <system-out/>
</testsuite> <!-- com.qa.api.gorest.Tests.FinalBookingPojo -->
