<?xml version="1.0" encoding="UTF-8"?>
<!-- Generated by org.testng.reporters.JUnitReportReporter -->
<testsuite hostname="DESKTOP-LKTEIC3" failures="0" tests="1" name="com.qa.api.gorest.Util.Token" time="5.436" errors="0" timestamp="2020-12-15T22:45:06 IST" skipped="0">
  <testcase classname="com.qa.api.gorest.Util.Token" name="getAccessToken" time="5.436"/>
  <system-out/>
</testsuite> <!-- com.qa.api.gorest.Util.Token -->
